<?xml version="1.0" encoding="UTF-8"?>
<testng-results skipped="0" failed="0" ignored="0" total="1" passed="1">
  <reporter-output>
  </reporter-output>
  <suite name="Suite" duration-ms="123" started-at="2018-10-20T15:24:31Z" finished-at="2018-10-20T15:24:31Z">
    <groups>
    </groups>
    <test name="Test" duration-ms="123" started-at="2018-10-20T15:24:31Z" finished-at="2018-10-20T15:24:31Z">
      <class name="Log4JDemo.Demo">
        <test-method status="PASS" signature="m1()[pri:0, instance:Log4JDemo.Demo@56cbfb61]" name="m1" duration-ms="97" started-at="2018-10-20T20:54:31Z" finished-at="2018-10-20T20:54:31Z">
          <reporter-output>
          </reporter-output>
        </test-method> <!-- m1 -->
      </class> <!-- Log4JDemo.Demo -->
    </test> <!-- Test -->
  </suite> <!-- Suite -->
</testng-results>
